  Source.cpp
D:\ОП\Project7\Project7\Source.cpp(257,43): error C3861: 'getAvailableMoves': identifier not found
D:\ОП\Project7\Project7\Source.cpp(277,43): error C3861: 'getAvailableMoves': identifier not found
D:\ОП\Project7\Project7\Source.cpp(296,59): error C3861: 'getOpponent': identifier not found
D:\ОП\Project7\Project7\Source.cpp(299,25): error C3861: 'evaluateBoard': identifier not found
D:\ОП\Project7\Project7\Source.cpp(299,65): error C3861: 'evaluateMove': identifier not found
D:\ОП\Project7\Project7\Source.cpp(303,43): error C2838: 'WHITE': illegal qualified name in member declaration
D:\ОП\Project7\Project7\Source.cpp(303,1): error C2065: 'WHITE': undeclared identifier
D:\ОП\Project7\Project7\Source.cpp(304,43): error C2838: 'BLACK': illegal qualified name in member declaration
D:\ОП\Project7\Project7\Source.cpp(304,1): error C2065: 'BLACK': undeclared identifier

Project Performance Summary:
     1826 ms  D:\ОП\Project7\Project7\Project7.vcxproj   1 calls
               1826 ms  Build                                      1 calls

Target Performance Summary:
        0 ms  BeforeBuildGenerateSources                 1 calls
        0 ms  ExpandSDKReferences                        1 calls
        0 ms  BuildGenerateSources                       1 calls
        0 ms  AfterResolveReferences                     1 calls
        0 ms  ResolveReferences                          1 calls
        0 ms  SelectClCompile                            1 calls
        0 ms  PreBuildEvent                              1 calls
        0 ms  _Midl                                      1 calls
        0 ms  _SelectedFiles                             1 calls
        0 ms  _BuildGenerateSourcesAction                1 calls
        0 ms  AfterBuildGenerateSourcesEvent             1 calls
        0 ms  _Xsd                                       1 calls
        0 ms  MakeDirsForMidl                            1 calls
        0 ms  ComputeMIDLGeneratedCompileInputs          1 calls
        0 ms  AfterMidl                                  1 calls
        0 ms  SelectCustomBuild                          1 calls
        0 ms  BuildCompileTraverse                       1 calls
        0 ms  ResolveSDKReferences                       1 calls
        0 ms  AfterBuildGenerateSources                  1 calls
        0 ms  GetResolvedWinMD                           1 calls
        0 ms  BeforeClCompile                            1 calls
        0 ms  GetReferencedVCProjectsInfo                1 calls
        0 ms  GetReferenceAssemblyPaths                  1 calls
        0 ms  ResolveProjectReferences                   1 calls
        0 ms  PrepareProjectReferences                   1 calls
        0 ms  _PrepareForReferenceResolution             1 calls
        0 ms  _AddOutputPathToGlobalPropertiesToRemove   1 calls
        0 ms  BeforeResolveReferences                    1 calls
        0 ms  FindReferenceAssembliesForReferences       1 calls
        1 ms  WarnCompileDuplicatedFilename              1 calls
        1 ms  BuildGenerateSourcesTraverse               1 calls
        1 ms  _SplitProjectReferencesByFileExistence     1 calls
        1 ms  GetFrameworkPaths                          1 calls
        1 ms  ComputeCLInputPDBName                      1 calls
        1 ms  AddExternalIncludDirectoriesToPaths        1 calls
        1 ms  SetCABuildNativeEnvironmentVariables       1 calls
        1 ms  ComputeCustomBuildOutput                   1 calls
        1 ms  _CheckWindowsSDKInstalled                  1 calls
        1 ms  _PrepareForBuild                           1 calls
        1 ms  FixupCLCompileOptions                      1 calls
        1 ms  ResolveAssemblyReferences                  1 calls
        2 ms  AssignProjectConfiguration                 1 calls
        2 ms  CopyFileToFolders                          1 calls
        2 ms  MakeDirsForCl                              1 calls
        2 ms  SetBuildDefaultEnvironmentVariables        1 calls
        7 ms  InitializeBuildStatus                      1 calls
       10 ms  PrepareForBuild                            1 calls
       10 ms  SetTelemetryEnvironmentVariables           1 calls
       11 ms  ComputeReferenceCLInput                    1 calls
       13 ms  CustomBuild                                1 calls
       15 ms  _CheckForInvalidConfigurationAndPlatform   1 calls
       64 ms  _GetProjectReferenceTargetFrameworkProperties   1 calls
     1669 ms  ClCompile                                  1 calls

Task Performance Summary:
        1 ms  AssignProjectConfiguration                 1 calls
        1 ms  Message                                    2 calls
        1 ms  ReadLinesFromFile                          1 calls
        1 ms  MSBuild                                    1 calls
        2 ms  MakeDir                                    5 calls
        2 ms  WriteLinesToFile                           1 calls
        2 ms  Touch                                      1 calls
        2 ms  CheckVCToolsetVersion                      1 calls
        3 ms  SetEnv                                     9 calls
       13 ms  GetOutOfDateItems                          3 calls
     1666 ms  CL                                         1 calls
